<?xml version="1.0" encoding="UTF-8"?>
<!-- Generated by org.testng.reporters.JUnitReportReporter -->
<testsuite skipped="0" hostname="DESKTOP-KB5IODC" name="check.CHECKSPILTING" tests="1" failures="0" timestamp="2023-03-25T21:06:30 IST" time="0.016" errors="0">
  <testcase name="main" time="0.016" classname="check.CHECKSPILTING"/>
  <system-out/>
</testsuite> <!-- check.CHECKSPILTING -->
