<?xml version="1.0" encoding="UTF-8"?>
<!-- Generated by org.testng.reporters.JUnitReportReporter -->
<testsuite skipped="0" hostname="DESKTOP-KB5IODC" name="sauceLabs.Saucelabs1" tests="1" failures="0" timestamp="2023-03-24T09:41:55 IST" time="75.937" errors="0">
  <testcase name="sauceLabs" time="75.937" classname="sauceLabs.Saucelabs1"/>
  <system-out/>
</testsuite> <!-- sauceLabs.Saucelabs1 -->
